\BOOKMARK [1][-]{section.0.1}{\376\377\000Y\000\312\000U\000\040\000C\036\246\000U\000\040\000C\036\346\000A\000\040\001\020\036\322\000\040\000\301\000N}{}% 1
\BOOKMARK [1][-]{section.0.2}{\376\377\000B\036\330\000\040\000D\036\356\000\040\000L\000I\036\306\000U}{}% 2
\BOOKMARK [1][-]{section.0.3}{\376\377\000C\000\301\000C\000\040\000T\000H\001\257\000\040\000V\000I\036\306\000N\000\040\000S\036\354\000\040\000D\036\344\000N\000G\000\040\000T\000H\000\312\000M}{}% 3
\BOOKMARK [1][-]{section.0.4}{\376\377\000K\000I\036\276\000N\000\040\000T\000H\036\350\000C\000\040\000T\000\314\000M\000\040\000H\000I\036\302\000U}{}% 4
\BOOKMARK [2][-]{subsection.0.4.1}{\376\377\000H\036\323\000i\000\040\000q\000u\000y\000\040\000t\000u\000y\036\277\000n\000\040\000t\000\355\000n\000h}{section.0.4}% 5
\BOOKMARK [2][-]{subsection.0.4.2}{\376\377\000H\000u\036\245\000n\000\040\000l\000u\000y\036\307\000n\000\040\000v\000\340\000\040\000k\000i\036\303\000m\000\040\000t\000r\000a\000\040\000m\000\364\000\040\000h\000\354\000n\000h}{section.0.4}% 6
\BOOKMARK [1][-]{section.0.5}{\376\377\000M\000\324\000\040\000T\036\242\000\040\000C\000\301\000C\000\040\000H\000\300\000M\000\040\000S\036\354\000\040\000D\036\344\000N\000G}{}% 7
\BOOKMARK [2][-]{subsection.0.5.1}{\376\377\000L\036\333\000p\000\040\000O\000L\000S\000L\000i\000n\000e\000a\000r\000R\000e\000g\000r\000e\000s\000s\000i\000o\000n}{section.0.5}% 8
\BOOKMARK [2][-]{subsection.0.5.2}{\376\377\000H\000\340\000m\000\040\000m\000a\000e\000\050\000y\000\137\000p\000r\000e\000d\000,\000\040\000y\000\137\000t\000e\000s\000t\000\051}{section.0.5}% 9
\BOOKMARK [2][-]{subsection.0.5.3}{\376\377\000H\000\340\000m\000\040\000g\000e\000t\000T\000r\000a\000i\000n\000\050\000i\000n\000d\000e\000x\000,\000\040\000f\000o\000l\000k\000s\000\051}{section.0.5}% 10
\BOOKMARK [2][-]{subsection.0.5.4}{\376\377\000H\000\340\000m\000\040\000B\000e\000s\000t\000\137\000F\000e\000a\000t\000u\000r\000e\000\137\000P\000e\000r\000s\000o\000n\000a\000l\000i\000t\000y\000\050\000D\000f\000\137\000n\000p\000,\000\040\000k\000\137\000c\000l\000u\000s\000t\000e\000r\000\051}{section.0.5}% 11
\BOOKMARK [2][-]{subsection.0.5.5}{\376\377\000H\000\340\000m\000\040\000b\000e\000s\000t\000\137\000p\000e\000r\000s\000o\000n\000a\000l\000i\000t\000y\000\137\000f\000e\000a\000t\000u\000r\000e\000\137\000m\000o\000d\000e\000l\000\050\000\051}{section.0.5}% 12
\BOOKMARK [2][-]{subsection.0.5.6}{\376\377\000H\000\340\000m\000\040\000B\000e\000s\000t\000\137\000F\000e\000a\000t\000u\000r\000e\000\137\000S\000k\000i\000l\000l\000\050\000D\000f\000\137\000n\000p\000,\000\040\000k\000\137\000c\000l\000u\000s\000t\000e\000r\000\051}{section.0.5}% 13
\BOOKMARK [2][-]{subsection.0.5.7}{\376\377\000H\000\340\000m\000\040\000b\000e\000s\000t\000\137\000s\000k\000i\000l\000l\000\137\000f\000e\000a\000t\000u\000r\000e\000\137\000m\000o\000d\000e\000l\000\050\000\051}{section.0.5}% 14
\BOOKMARK [2][-]{subsection.0.5.8}{\376\377\000H\000\340\000m\000\040\000c\000r\000o\000s\000s\000\137\000v\000a\000l\000i\000d\000a\000t\000i\000o\000n\000\137\000m\000o\000d\000e\000l\000\050\000D\000f\000\137\000n\000p\000,\000\040\000k\000\137\000c\000l\000u\000s\000t\000e\000r\000\051}{section.0.5}% 15
\BOOKMARK [2][-]{subsection.0.5.9}{\376\377\000H\000\340\000m\000\040\000m\000o\000d\000e\000l\000\137\000v\000a\000r\000i\000a\000n\000c\000e\000\137\000D\000r\000o\000p\000p\000i\000n\000g\000\050\000X\000\137\000t\000r\000a\000i\000n\000\051}{section.0.5}% 16
\BOOKMARK [2][-]{subsection.0.5.10}{\376\377\000H\000\340\000m\000\040\000m\000o\000d\000e\000l\000\137\000c\000o\000r\000r\000e\000l\000a\000t\000i\000o\000n\000\137\000D\000r\000o\000p\000p\000i\000n\000g\000\050\000X\000\137\000t\000r\000a\000i\000n\000,\000\040\000t\000h\000r\000e\000s\000h\000o\000l\000d\000\051}{section.0.5}% 17
\BOOKMARK [2][-]{subsection.0.5.11}{\376\377\000H\000\340\000m\000\040\000m\000o\000d\000e\000l\000\137\000M\000u\000t\000u\000a\000l\000I\000n\000f\000o\000r\000\137\000s\000e\000l\000e\000c\000t\000i\000o\000n\000\050\000X\000\137\000t\000r\000a\000i\000n\000,\000\040\000Y\000\137\000t\000r\000a\000i\000n\000\051}{section.0.5}% 18
\BOOKMARK [2][-]{subsection.0.5.12}{\376\377\000H\000\340\000m\000\040\000m\000y\000\137\000b\000e\000s\000t\000\137\000m\000o\000d\000e\000l\000\050\000m\000o\000d\000e\000l\000s\000\051}{section.0.5}% 19
\BOOKMARK [2][-]{subsection.0.5.13}{\376\377\000H\000\340\000m\000\040\000t\000r\000a\000i\000n\000\137\000m\000y\000\137\000b\000e\000s\000t\000\137\000m\000o\000d\000e\000l\000\050\000\051}{section.0.5}% 20
\BOOKMARK [1][-]{section.0.6}{\376\377\000K\036\276\000T\000\040\000Q\000U\036\242\000\040\000C\036\346\000A\000\040\000C\000\301\000C\000\040\000Y\000\312\000U\000\040\000C\036\246\000U}{}% 21
\BOOKMARK [2][-]{subsection.0.6.1}{\376\377\000Y\000\352\000u\000\040\000c\036\247\000u\000\040\0001}{section.0.6}% 22
\BOOKMARK [2][-]{subsection.0.6.2}{\376\377\000Y\000\352\000u\000\040\000c\036\247\000u\000\040\0002}{section.0.6}% 23
\BOOKMARK [2][-]{subsection.0.6.3}{\376\377\000Y\000\352\000u\000\040\000c\036\247\000u\000\040\0003}{section.0.6}% 24
\BOOKMARK [2][-]{subsection.0.6.4}{\376\377\000Y\000\352\000u\000\040\000c\036\247\000u\000\040\0004}{section.0.6}% 25
\BOOKMARK [1][-]{section.0.7}{\376\377\000T\000\300\000I\000\040\000L\000I\036\306\000U\000\040\000T\000H\000A\000M\000\040\000K\000H\036\242\000O}{}% 26
